<?xml version="1.0" encoding="UTF-8"?>
<coverage generated="1776196435537" clover="3.2.0">
  <project timestamp="1776196435537" name="All files">
    <metrics statements="11" coveredstatements="11" conditionals="0" coveredconditionals="0" methods="2" coveredmethods="2" elements="13" coveredelements="13" complexity="0" loc="11" ncloc="11" packages="1" files="1" classes="1"/>
    <file name="helpers.js" path="/Users/steve/Documents/GitHub/MedPullKiosk/chrome-extension/tests/helpers.js">
      <metrics statements="11" coveredstatements="11" conditionals="0" coveredconditionals="0" methods="2" coveredmethods="2"/>
      <line num="1" count="3" type="stmt"/>
      <line num="2" count="3" type="stmt"/>
      <line num="4" count="3" type="stmt"/>
      <line num="7" count="76" type="stmt"/>
      <line num="19" count="44" type="stmt"/>
      <line num="20" count="44" type="stmt"/>
      <line num="21" count="44" type="stmt"/>
      <line num="22" count="44" type="stmt"/>
      <line num="23" count="44" type="stmt"/>
      <line num="24" count="44" type="stmt"/>
      <line num="27" count="3" type="stmt"/>
    </file>
  </project>
</coverage>
