{"/Users/steve/Documents/GitHub/MedPullKiosk/chrome-extension/tests/helpers.js": {"path":"/Users/steve/Documents/GitHub/MedPullKiosk/chrome-extension/tests/helpers.js","statementMap":{"0":{"start":{"line":1,"column":11},"end":{"line":1,"column":24}},"1":{"start":{"line":2,"column":13},"end":{"line":2,"column":28}},"2":{"start":{"line":4,"column":16},"end":{"line":4,"column":65}},"3":{"start":{"line":7,"column":2},"end":{"line":7,"column":64}},"4":{"start":{"line":19,"column":15},"end":{"line":19,"column":35}},"5":{"start":{"line":20,"column":22},"end":{"line":20,"column":70}},"6":{"start":{"line":21,"column":19},"end":{"line":21,"column":36}},"7":{"start":{"line":22,"column":20},"end":{"line":22,"column":39}},"8":{"start":{"line":23,"column":18},"end":{"line":23,"column":56}},"9":{"start":{"line":24,"column":2},"end":{"line":24,"column":31}},"10":{"start":{"line":27,"column":0},"end":{"line":27,"column":53}}},"fnMap":{"0":{"name":"readSource","decl":{"start":{"line":6,"column":9},"end":{"line":6,"column":19}},"loc":{"start":{"line":6,"column":30},"end":{"line":8,"column":1}},"line":6},"1":{"name":"loadScript","decl":{"start":{"line":18,"column":9},"end":{"line":18,"column":19}},"loc":{"start":{"line":18,"column":49},"end":{"line":25,"column":1}},"line":18}},"branchMap":{},"s":{"0":3,"1":3,"2":3,"3":76,"4":44,"5":44,"6":44,"7":44,"8":44,"9":44,"10":3},"f":{"0":76,"1":44},"b":{},"_coverageSchema":"1a1c01bbd47fc00a2c39e90264f33305004495a9","hash":"c9c4fa6da16a2cf5a8780b81be9cb70001d71761"}
}
